# JRE version: Java(TM) SE Runtime Environment (8.0_211-b12) (build 1.8.0_211-b12)
# Java VM: Java HotSpot(TM) 64-Bit Server VM (25.211-b12 mixed mode windows-amd64 compressed oops)
Heap:
 PSYoungGen      total 116736K, used 106396K [0x00000000f5580000, 0x0000000100000000, 0x0000000100000000)
  eden space 58880K, 82% used [0x00000000f5580000,0x00000000f84ed160,0x00000000f8f00000)
  from space 57856K, 99% used [0x00000000f8f00000,0x00000000fc77a080,0x00000000fc780000)
  to   space 57856K, 0% used [0x00000000fc780000,0x00000000fc780000,0x0000000100000000)
 ParOldGen       total 349696K, used 199472K [0x00000000e0000000, 0x00000000f5580000, 0x00000000f5580000)
  object space 349696K, 57% used [0x00000000e0000000,0x00000000ec2cc0d8,0x00000000f5580000)
 Metaspace       used 93719K, capacity 100839K, committed 100992K, reserved 1136640K
  class space    used 12305K, capacity 13861K, committed 13952K, reserved 1048576K
GC Heap History (10 events):
Event: 144.818 GC heap before
{Heap before GC invocations=75 (full 8):
 PSYoungGen      total 124928K, used 113648K [0x00000000f5580000, 0x0000000100000000, 0x0000000100000000)
  eden space 80384K, 100% used [0x00000000f5580000,0x00000000fa400000,0x00000000fa400000)
  from space 44544K, 74% used [0x00000000fd480000,0x00000000ff4fc1f8,0x0000000100000000)
  to   space 47104K, 0% used [0x00000000fa400000,0x00000000fa400000,0x00000000fd200000)
 ParOldGen       total 349696K, used 168651K [0x00000000e0000000, 0x00000000f5580000, 0x00000000f5580000)
  object space 349696K, 48% used [0x00000000e0000000,0x00000000ea4b2e58,0x00000000f5580000)
 Metaspace       used 93671K, capacity 100775K, committed 100992K, reserved 1136640K
  class space    used 12305K, capacity 13861K, committed 13952K, reserved 1048576K
Event: 144.843 GC heap after
Heap after GC invocations=75 (full 8):
 PSYoungGen      total 127488K, used 29104K [0x00000000f5580000, 0x0000000100000000, 0x0000000100000000)
  eden space 80384K, 0% used [0x00000000f5580000,0x00000000f5580000,0x00000000fa400000)
  from space 47104K, 61% used [0x00000000fa400000,0x00000000fc06c1d8,0x00000000fd200000)
  to   space 47104K, 0% used [0x00000000fd200000,0x00000000fd200000,0x0000000100000000)
 ParOldGen       total 349696K, used 168795K [0x00000000e0000000, 0x00000000f5580000, 0x00000000f5580000)
  object space 349696K, 48% used [0x00000000e0000000,0x00000000ea4d6e58,0x00000000f5580000)
 Metaspace       used 93671K, capacity 100775K, committed 100992K, reserved 1136640K
  class space    used 12305K, capacity 13861K, committed 13952K, reserved 1048576K
}
Event: 145.728 GC heap before
{Heap before GC invocations=76 (full 8):
 PSYoungGen      total 127488K, used 109163K [0x00000000f5580000, 0x0000000100000000, 0x0000000100000000)
  eden space 80384K, 99% used [0x00000000f5580000,0x00000000fa3aebd0,0x00000000fa400000)
  from space 47104K, 61% used [0x00000000fa400000,0x00000000fc06c1d8,0x00000000fd200000)
  to   space 47104K, 0% used [0x00000000fd200000,0x00000000fd200000,0x0000000100000000)
 ParOldGen       total 349696K, used 168795K [0x00000000e0000000, 0x00000000f5580000, 0x00000000f5580000)
  object space 349696K, 48% used [0x00000000e0000000,0x00000000ea4d6e58,0x00000000f5580000)
 Metaspace       used 93672K, capacity 100775K, committed 100992K, reserved 1136640K
  class space    used 12305K, capacity 13861K, committed 13952K, reserved 1048576K
Event: 145.746 GC heap after
Heap after GC invocations=76 (full 8):
 PSYoungGen      total 123392K, used 21098K [0x00000000f5580000, 0x00000000ffc00000, 0x0000000100000000)
  eden space 80384K, 0% used [0x00000000f5580000,0x00000000f5580000,0x00000000fa400000)
  from space 43008K, 49% used [0x00000000fd200000,0x00000000fe69ab00,0x00000000ffc00000)
  to   space 45056K, 0% used [0x00000000fa400000,0x00000000fa400000,0x00000000fd000000)
 ParOldGen       total 349696K, used 169399K [0x00000000e0000000, 0x00000000f5580000, 0x00000000f5580000)
  object space 349696K, 48% used [0x00000000e0000000,0x00000000ea56dd40,0x00000000f5580000)
 Metaspace       used 93672K, capacity 100775K, committed 100992K, reserved 1136640K
  class space    used 12305K, capacity 13861K, committed 13952K, reserved 1048576K
}
Event: 145.949 GC heap before
{Heap before GC invocations=77 (full 8):
 PSYoungGen      total 123392K, used 101482K [0x00000000f5580000, 0x00000000ffc00000, 0x0000000100000000)
  eden space 80384K, 100% used [0x00000000f5580000,0x00000000fa400000,0x00000000fa400000)
  from space 43008K, 49% used [0x00000000fd200000,0x00000000fe69ab00,0x00000000ffc00000)
  to   space 45056K, 0% used [0x00000000fa400000,0x00000000fa400000,0x00000000fd000000)
 ParOldGen       total 349696K, used 169399K [0x00000000e0000000, 0x00000000f5580000, 0x00000000f5580000)
  object space 349696K, 48% used [0x00000000e0000000,0x00000000ea56dd40,0x00000000f5580000)
 Metaspace       used 93680K, capacity 100775K, committed 100992K, reserved 1136640K
  class space    used 12305K, capacity 13861K, committed 13952K, reserved 1048576K
Event: 145.970 GC heap after
Heap after GC invocations=77 (full 8):
 PSYoungGen      total 125440K, used 35630K [0x00000000f5580000, 0x0000000100000000, 0x0000000100000000)
  eden space 80384K, 0% used [0x00000000f5580000,0x00000000f5580000,0x00000000fa400000)
  from space 45056K, 79% used [0x00000000fa400000,0x00000000fc6cbb98,0x00000000fd000000)
  to   space 47616K, 0% used [0x00000000fd180000,0x00000000fd180000,0x0000000100000000)
 ParOldGen       total 349696K, used 169543K [0x00000000e0000000, 0x00000000f5580000, 0x00000000f5580000)
  object space 349696K, 48% used [0x00000000e0000000,0x00000000ea591d50,0x00000000f5580000)
 Metaspace       used 93680K, capacity 100775K, committed 100992K, reserved 1136640K
  class space    used 12305K, capacity 13861K, committed 13952K, reserved 1048576K
}
Event: 146.579 GC heap before
{Heap before GC invocations=78 (full 8):
 PSYoungGen      total 125440K, used 116014K [0x00000000f5580000, 0x0000000100000000, 0x0000000100000000)
  eden space 80384K, 100% used [0x00000000f5580000,0x00000000fa400000,0x00000000fa400000)
  from space 45056K, 79% used [0x00000000fa400000,0x00000000fc6cbb98,0x00000000fd000000)
  to   space 47616K, 0% used [0x00000000fd180000,0x00000000fd180000,0x0000000100000000)
 ParOldGen       total 349696K, used 169543K [0x00000000e0000000, 0x00000000f5580000, 0x00000000f5580000)
  object space 349696K, 48% used [0x00000000e0000000,0x00000000ea591d50,0x00000000f5580000)
 Metaspace       used 93681K, capacity 100775K, committed 100992K, reserved 1136640K
  class space    used 12305K, capacity 13861K, committed 13952K, reserved 1048576K
Event: 146.608 GC heap after
Heap after GC invocations=78 (full 8):
 PSYoungGen      total 106496K, used 47592K [0x00000000f5580000, 0x0000000100000000, 0x0000000100000000)
  eden space 58880K, 0% used [0x00000000f5580000,0x00000000f5580000,0x00000000f8f00000)
  from space 47616K, 99% used [0x00000000fd180000,0x00000000ffffa300,0x0000000100000000)
  to   space 57856K, 0% used [0x00000000f8f00000,0x00000000f8f00000,0x00000000fc780000)
 ParOldGen       total 349696K, used 184320K [0x00000000e0000000, 0x00000000f5580000, 0x00000000f5580000)
  object space 349696K, 52% used [0x00000000e0000000,0x00000000eb4002e0,0x00000000f5580000)
 Metaspace       used 93681K, capacity 100775K, committed 100992K, reserved 1136640K
  class space    used 12305K, capacity 13861K, committed 13952K, reserved 1048576K
}
Event: 147.266 GC heap before
{Heap before GC invocations=79 (full 8):
 PSYoungGen      total 106496K, used 106472K [0x00000000f5580000, 0x0000000100000000, 0x0000000100000000)
  eden space 58880K, 100% used [0x00000000f5580000,0x00000000f8f00000,0x00000000f8f00000)
  from space 47616K, 99% used [0x00000000fd180000,0x00000000ffffa300,0x0000000100000000)
  to   space 57856K, 0% used [0x00000000f8f00000,0x00000000f8f00000,0x00000000fc780000)
 ParOldGen       total 349696K, used 184320K [0x00000000e0000000, 0x00000000f5580000, 0x00000000f5580000)
  object space 349696K, 52% used [0x00000000e0000000,0x00000000eb4002e0,0x00000000f5580000)
 Metaspace       used 93692K, capacity 100775K, committed 100992K, reserved 1136640K
  class space    used 12305K, capacity 13861K, committed 13952K, reserved 1048576K
Event: 147.298 GC heap after
Heap after GC invocations=79 (full 8):
 PSYoungGen      total 116736K, used 57832K [0x00000000f5580000, 0x0000000100000000, 0x0000000100000000)
  eden space 58880K, 0% used [0x00000000f5580000,0x00000000f5580000,0x00000000f8f00000)
  from space 57856K, 99% used [0x00000000f8f00000,0x00000000fc77a080,0x00000000fc780000)
  to   space 57856K, 0% used [0x00000000fc780000,0x00000000fc780000,0x0000000100000000)
 ParOldGen       total 349696K, used 199472K [0x00000000e0000000, 0x00000000f5580000, 0x00000000f5580000)
  object space 349696K, 57% used [0x00000000e0000000,0x00000000ec2cc0d8,0x00000000f5580000)
 Metaspace       used 93692K, capacity 100775K, committed 100992K, reserved 1136640K
  class space    used 12305K, capacity 13861K, committed 13952K, reserved 1048576K
}

