# JRE version: Java(TM) SE Runtime Environment (8.0_211-b12) (build 1.8.0_211-b12)
# Java VM: Java HotSpot(TM) 64-Bit Server VM (25.211-b12 mixed mode windows-amd64 compressed oops)
Heap:
 PSYoungGen      total 115200K, used 20955K [0x00000000f5580000, 0x00000000ff880000, 0x0000000100000000)
  eden space 67584K, 0% used [0x00000000f5580000,0x00000000f5613ad8,0x00000000f9780000)
  from space 47616K, 42% used [0x00000000fca00000,0x00000000fdde3260,0x00000000ff880000)
  to   space 49664K, 0% used [0x00000000f9780000,0x00000000f9780000,0x00000000fc800000)
 ParOldGen       total 349696K, used 218133K [0x00000000e0000000, 0x00000000f5580000, 0x00000000f5580000)
  object space 349696K, 62% used [0x00000000e0000000,0x00000000ed5057d8,0x00000000f5580000)
 Metaspace       used 105597K, capacity 113871K, committed 114304K, reserved 1148928K
  class space    used 13574K, capacity 15345K, committed 15488K, reserved 1048576K
GC Heap History (10 events):
Event: 6141.442 GC heap before
{Heap before GC invocations=185 (full 34):
 PSYoungGen      total 117248K, used 99283K [0x00000000f5580000, 0x0000000100000000, 0x0000000100000000)
  eden space 61952K, 100% used [0x00000000f5580000,0x00000000f9200000,0x00000000f9200000)
  from space 55296K, 67% used [0x00000000fca00000,0x00000000fee74c40,0x0000000100000000)
  to   space 56320K, 0% used [0x00000000f9200000,0x00000000f9200000,0x00000000fc900000)
 ParOldGen       total 349696K, used 207169K [0x00000000e0000000, 0x00000000f5580000, 0x00000000f5580000)
  object space 349696K, 59% used [0x00000000e0000000,0x00000000eca505b0,0x00000000f5580000)
 Metaspace       used 105585K, capacity 113871K, committed 114304K, reserved 1148928K
  class space    used 13574K, capacity 15345K, committed 15488K, reserved 1048576K
Event: 6141.468 GC heap after
Heap after GC invocations=185 (full 34):
 PSYoungGen      total 118272K, used 33787K [0x00000000f5580000, 0x0000000100000000, 0x0000000100000000)
  eden space 61952K, 0% used [0x00000000f5580000,0x00000000f5580000,0x00000000f9200000)
  from space 56320K, 59% used [0x00000000f9200000,0x00000000fb2fece0,0x00000000fc900000)
  to   space 55808K, 0% used [0x00000000fc980000,0x00000000fc980000,0x0000000100000000)
 ParOldGen       total 349696K, used 207575K [0x00000000e0000000, 0x00000000f5580000, 0x00000000f5580000)
  object space 349696K, 59% used [0x00000000e0000000,0x00000000ecab5ff8,0x00000000f5580000)
 Metaspace       used 105585K, capacity 113871K, committed 114304K, reserved 1148928K
  class space    used 13574K, capacity 15345K, committed 15488K, reserved 1048576K
}
Event: 6142.106 GC heap before
{Heap before GC invocations=186 (full 34):
 PSYoungGen      total 118272K, used 95739K [0x00000000f5580000, 0x0000000100000000, 0x0000000100000000)
  eden space 61952K, 100% used [0x00000000f5580000,0x00000000f9200000,0x00000000f9200000)
  from space 56320K, 59% used [0x00000000f9200000,0x00000000fb2fece0,0x00000000fc900000)
  to   space 55808K, 0% used [0x00000000fc980000,0x00000000fc980000,0x0000000100000000)
 ParOldGen       total 349696K, used 207575K [0x00000000e0000000, 0x00000000f5580000, 0x00000000f5580000)
  object space 349696K, 59% used [0x00000000e0000000,0x00000000ecab5ff8,0x00000000f5580000)
 Metaspace       used 105586K, capacity 113871K, committed 114304K, reserved 1148928K
  class space    used 13574K, capacity 15345K, committed 15488K, reserved 1048576K
Event: 6142.130 GC heap after
Heap after GC invocations=186 (full 34):
 PSYoungGen      total 112640K, used 29367K [0x00000000f5580000, 0x00000000ffa80000, 0x0000000100000000)
  eden space 62464K, 0% used [0x00000000f5580000,0x00000000f5580000,0x00000000f9280000)
  from space 50176K, 58% used [0x00000000fc980000,0x00000000fe62dd20,0x00000000ffa80000)
  to   space 53248K, 0% used [0x00000000f9280000,0x00000000f9280000,0x00000000fc680000)
 ParOldGen       total 349696K, used 207846K [0x00000000e0000000, 0x00000000f5580000, 0x00000000f5580000)
  object space 349696K, 59% used [0x00000000e0000000,0x00000000ecaf9a50,0x00000000f5580000)
 Metaspace       used 105586K, capacity 113871K, committed 114304K, reserved 1148928K
  class space    used 13574K, capacity 15345K, committed 15488K, reserved 1048576K
}
Event: 6144.148 GC heap before
{Heap before GC invocations=187 (full 34):
 PSYoungGen      total 112640K, used 91831K [0x00000000f5580000, 0x00000000ffa80000, 0x0000000100000000)
  eden space 62464K, 100% used [0x00000000f5580000,0x00000000f9280000,0x00000000f9280000)
  from space 50176K, 58% used [0x00000000fc980000,0x00000000fe62dd20,0x00000000ffa80000)
  to   space 53248K, 0% used [0x00000000f9280000,0x00000000f9280000,0x00000000fc680000)
 ParOldGen       total 349696K, used 207846K [0x00000000e0000000, 0x00000000f5580000, 0x00000000f5580000)
  object space 349696K, 59% used [0x00000000e0000000,0x00000000ecaf9a50,0x00000000f5580000)
 Metaspace       used 105586K, capacity 113871K, committed 114304K, reserved 1148928K
  class space    used 13574K, capacity 15345K, committed 15488K, reserved 1048576K
Event: 6144.162 GC heap after
Heap after GC invocations=187 (full 34):
 PSYoungGen      total 115712K, used 12925K [0x00000000f5580000, 0x00000000ffd00000, 0x0000000100000000)
  eden space 62464K, 0% used [0x00000000f5580000,0x00000000f5580000,0x00000000f9280000)
  from space 53248K, 24% used [0x00000000f9280000,0x00000000f9f1f508,0x00000000fc680000)
  to   space 53248K, 0% used [0x00000000fc900000,0x00000000fc900000,0x00000000ffd00000)
 ParOldGen       total 349696K, used 215626K [0x00000000e0000000, 0x00000000f5580000, 0x00000000f5580000)
  object space 349696K, 61% used [0x00000000e0000000,0x00000000ed292950,0x00000000f5580000)
 Metaspace       used 105586K, capacity 113871K, committed 114304K, reserved 1148928K
  class space    used 13574K, capacity 15345K, committed 15488K, reserved 1048576K
}
Event: 6146.232 GC heap before
{Heap before GC invocations=188 (full 34):
 PSYoungGen      total 115712K, used 75389K [0x00000000f5580000, 0x00000000ffd00000, 0x0000000100000000)
  eden space 62464K, 100% used [0x00000000f5580000,0x00000000f9280000,0x00000000f9280000)
  from space 53248K, 24% used [0x00000000f9280000,0x00000000f9f1f508,0x00000000fc680000)
  to   space 53248K, 0% used [0x00000000fc900000,0x00000000fc900000,0x00000000ffd00000)
 ParOldGen       total 349696K, used 215626K [0x00000000e0000000, 0x00000000f5580000, 0x00000000f5580000)
  object space 349696K, 61% used [0x00000000e0000000,0x00000000ed292950,0x00000000f5580000)
 Metaspace       used 105589K, capacity 113871K, committed 114304K, reserved 1148928K
  class space    used 13574K, capacity 15345K, committed 15488K, reserved 1048576K
Event: 6146.248 GC heap after
Heap after GC invocations=188 (full 34):
 PSYoungGen      total 117248K, used 14416K [0x00000000f5580000, 0x00000000ffc80000, 0x0000000100000000)
  eden space 64512K, 0% used [0x00000000f5580000,0x00000000f5580000,0x00000000f9480000)
  from space 52736K, 27% used [0x00000000fc900000,0x00000000fd7141d0,0x00000000ffc80000)
  to   space 53248K, 0% used [0x00000000f9480000,0x00000000f9480000,0x00000000fc880000)
 ParOldGen       total 349696K, used 217701K [0x00000000e0000000, 0x00000000f5580000, 0x00000000f5580000)
  object space 349696K, 62% used [0x00000000e0000000,0x00000000ed4997b8,0x00000000f5580000)
 Metaspace       used 105589K, capacity 113871K, committed 114304K, reserved 1148928K
  class space    used 13574K, capacity 15345K, committed 15488K, reserved 1048576K
}
Event: 6146.366 GC heap before
{Heap before GC invocations=189 (full 34):
 PSYoungGen      total 117248K, used 78928K [0x00000000f5580000, 0x00000000ffc80000, 0x0000000100000000)
  eden space 64512K, 100% used [0x00000000f5580000,0x00000000f9480000,0x00000000f9480000)
  from space 52736K, 27% used [0x00000000fc900000,0x00000000fd7141d0,0x00000000ffc80000)
  to   space 53248K, 0% used [0x00000000f9480000,0x00000000f9480000,0x00000000fc880000)
 ParOldGen       total 349696K, used 217701K [0x00000000e0000000, 0x00000000f5580000, 0x00000000f5580000)
  object space 349696K, 62% used [0x00000000e0000000,0x00000000ed4997b8,0x00000000f5580000)
 Metaspace       used 105589K, capacity 113871K, committed 114304K, reserved 1148928K
  class space    used 13574K, capacity 15345K, committed 15488K, reserved 1048576K
Event: 6146.391 GC heap after
Heap after GC invocations=189 (full 34):
 PSYoungGen      total 117760K, used 27569K [0x00000000f5580000, 0x00000000ffc00000, 0x0000000100000000)
  eden space 64512K, 0% used [0x00000000f5580000,0x00000000f5580000,0x00000000f9480000)
  from space 53248K, 51% used [0x00000000f9480000,0x00000000faf6c458,0x00000000fc880000)
  to   space 51200K, 0% used [0x00000000fca00000,0x00000000fca00000,0x00000000ffc00000)
 ParOldGen       total 349696K, used 217741K [0x00000000e0000000, 0x00000000f5580000, 0x00000000f5580000)
  object space 349696K, 62% used [0x00000000e0000000,0x00000000ed4a37b8,0x00000000f5580000)
 Metaspace       used 105589K, capacity 113871K, committed 114304K, reserved 1148928K
  class space    used 13574K, capacity 15345K, committed 15488K, reserved 1048576K
}

