# JRE version: Java(TM) SE Runtime Environment (8.0_211-b12) (build 1.8.0_211-b12)
# Java VM: Java HotSpot(TM) 64-Bit Server VM (25.211-b12 mixed mode windows-amd64 compressed oops)
Heap:
 PSYoungGen      total 116736K, used 85920K [0x00000000f5580000, 0x0000000100000000, 0x0000000100000000)
  eden space 58880K, 47% used [0x00000000f5580000,0x00000000f70eb7c0,0x00000000f8f00000)
  from space 57856K, 99% used [0x00000000f8f00000,0x00000000fc77c8f0,0x00000000fc780000)
  to   space 57856K, 0% used [0x00000000fc780000,0x00000000fc780000,0x0000000100000000)
 ParOldGen       total 349696K, used 261520K [0x00000000e0000000, 0x00000000f5580000, 0x00000000f5580000)
  object space 349696K, 74% used [0x00000000e0000000,0x00000000eff64050,0x00000000f5580000)
 Metaspace       used 103353K, capacity 111525K, committed 112256K, reserved 1146880K
  class space    used 13423K, capacity 15162K, committed 15488K, reserved 1048576K
GC Heap History (10 events):
Event: 144.071 GC heap before
{Heap before GC invocations=103 (full 9):
 PSYoungGen      total 136704K, used 101504K [0x00000000f5580000, 0x00000000ffd80000, 0x0000000100000000)
  eden space 101376K, 100% used [0x00000000f5580000,0x00000000fb880000,0x00000000fb880000)
  from space 35328K, 0% used [0x00000000fb880000,0x00000000fb8a0000,0x00000000fdb00000)
  to   space 34304K, 0% used [0x00000000fdc00000,0x00000000fdc00000,0x00000000ffd80000)
 ParOldGen       total 349696K, used 321212K [0x00000000e0000000, 0x00000000f5580000, 0x00000000f5580000)
  object space 349696K, 91% used [0x00000000e0000000,0x00000000f39af0a0,0x00000000f5580000)
 Metaspace       used 102937K, capacity 111015K, committed 112000K, reserved 1146880K
  class space    used 13374K, capacity 15109K, committed 15488K, reserved 1048576K
Event: 144.078 GC heap after
Heap after GC invocations=103 (full 9):
 PSYoungGen      total 135680K, used 21549K [0x00000000f5580000, 0x0000000100000000, 0x0000000100000000)
  eden space 101376K, 0% used [0x00000000f5580000,0x00000000f5580000,0x00000000fb880000)
  from space 34304K, 62% used [0x00000000fdc00000,0x00000000ff10b5f8,0x00000000ffd80000)
  to   space 36352K, 0% used [0x00000000fb880000,0x00000000fb880000,0x00000000fdc00000)
 ParOldGen       total 349696K, used 321220K [0x00000000e0000000, 0x00000000f5580000, 0x00000000f5580000)
  object space 349696K, 91% used [0x00000000e0000000,0x00000000f39b10a0,0x00000000f5580000)
 Metaspace       used 102937K, capacity 111015K, committed 112000K, reserved 1146880K
  class space    used 13374K, capacity 15109K, committed 15488K, reserved 1048576K
}
Event: 144.240 GC heap before
{Heap before GC invocations=104 (full 9):
 PSYoungGen      total 135680K, used 122925K [0x00000000f5580000, 0x0000000100000000, 0x0000000100000000)
  eden space 101376K, 100% used [0x00000000f5580000,0x00000000fb880000,0x00000000fb880000)
  from space 34304K, 62% used [0x00000000fdc00000,0x00000000ff10b5f8,0x00000000ffd80000)
  to   space 36352K, 0% used [0x00000000fb880000,0x00000000fb880000,0x00000000fdc00000)
 ParOldGen       total 349696K, used 321220K [0x00000000e0000000, 0x00000000f5580000, 0x00000000f5580000)
  object space 349696K, 91% used [0x00000000e0000000,0x00000000f39b10a0,0x00000000f5580000)
 Metaspace       used 102972K, capacity 111021K, committed 112000K, reserved 1146880K
  class space    used 13377K, capacity 15110K, committed 15488K, reserved 1048576K
Event: 144.265 GC heap after
Heap after GC invocations=104 (full 9):
 PSYoungGen      total 137728K, used 36342K [0x00000000f5580000, 0x0000000100000000, 0x0000000100000000)
  eden space 101376K, 0% used [0x00000000f5580000,0x00000000f5580000,0x00000000fb880000)
  from space 36352K, 99% used [0x00000000fb880000,0x00000000fdbfd898,0x00000000fdc00000)
  to   space 36864K, 0% used [0x00000000fdc00000,0x00000000fdc00000,0x0000000100000000)
 ParOldGen       total 349696K, used 343787K [0x00000000e0000000, 0x00000000f5580000, 0x00000000f5580000)
  object space 349696K, 98% used [0x00000000e0000000,0x00000000f4fbad68,0x00000000f5580000)
 Metaspace       used 102972K, capacity 111021K, committed 112000K, reserved 1146880K
  class space    used 13377K, capacity 15110K, committed 15488K, reserved 1048576K
}
Event: 144.265 GC heap before
{Heap before GC invocations=105 (full 10):
 PSYoungGen      total 137728K, used 36342K [0x00000000f5580000, 0x0000000100000000, 0x0000000100000000)
  eden space 101376K, 0% used [0x00000000f5580000,0x00000000f5580000,0x00000000fb880000)
  from space 36352K, 99% used [0x00000000fb880000,0x00000000fdbfd898,0x00000000fdc00000)
  to   space 36864K, 0% used [0x00000000fdc00000,0x00000000fdc00000,0x0000000100000000)
 ParOldGen       total 349696K, used 343787K [0x00000000e0000000, 0x00000000f5580000, 0x00000000f5580000)
  object space 349696K, 98% used [0x00000000e0000000,0x00000000f4fbad68,0x00000000f5580000)
 Metaspace       used 102972K, capacity 111021K, committed 112000K, reserved 1146880K
  class space    used 13377K, capacity 15110K, committed 15488K, reserved 1048576K
Event: 144.562 GC heap after
Heap after GC invocations=105 (full 10):
 PSYoungGen      total 137728K, used 0K [0x00000000f5580000, 0x0000000100000000, 0x0000000100000000)
  eden space 101376K, 0% used [0x00000000f5580000,0x00000000f5580000,0x00000000fb880000)
  from space 36352K, 0% used [0x00000000fb880000,0x00000000fb880000,0x00000000fdc00000)
  to   space 36864K, 0% used [0x00000000fdc00000,0x00000000fdc00000,0x0000000100000000)
 ParOldGen       total 349696K, used 231209K [0x00000000e0000000, 0x00000000f5580000, 0x00000000f5580000)
  object space 349696K, 66% used [0x00000000e0000000,0x00000000ee1ca408,0x00000000f5580000)
 Metaspace       used 102971K, capacity 111019K, committed 112000K, reserved 1146880K
  class space    used 13376K, capacity 15109K, committed 15488K, reserved 1048576K
}
Event: 144.836 GC heap before
{Heap before GC invocations=106 (full 10):
 PSYoungGen      total 137728K, used 101376K [0x00000000f5580000, 0x0000000100000000, 0x0000000100000000)
  eden space 101376K, 100% used [0x00000000f5580000,0x00000000fb880000,0x00000000fb880000)
  from space 36352K, 0% used [0x00000000fb880000,0x00000000fb880000,0x00000000fdc00000)
  to   space 36864K, 0% used [0x00000000fdc00000,0x00000000fdc00000,0x0000000100000000)
 ParOldGen       total 349696K, used 231209K [0x00000000e0000000, 0x00000000f5580000, 0x00000000f5580000)
  object space 349696K, 66% used [0x00000000e0000000,0x00000000ee1ca408,0x00000000f5580000)
 Metaspace       used 103310K, capacity 111519K, committed 112256K, reserved 1146880K
  class space    used 13420K, capacity 15161K, committed 15488K, reserved 1048576K
Event: 144.880 GC heap after
Heap after GC invocations=106 (full 10):
 PSYoungGen      total 95744K, used 36839K [0x00000000f5580000, 0x0000000100000000, 0x0000000100000000)
  eden space 58880K, 0% used [0x00000000f5580000,0x00000000f5580000,0x00000000f8f00000)
  from space 36864K, 99% used [0x00000000fdc00000,0x00000000ffff9fa8,0x0000000100000000)
  to   space 57856K, 0% used [0x00000000f8f00000,0x00000000f8f00000,0x00000000fc780000)
 ParOldGen       total 349696K, used 249515K [0x00000000e0000000, 0x00000000f5580000, 0x00000000f5580000)
  object space 349696K, 71% used [0x00000000e0000000,0x00000000ef3aad00,0x00000000f5580000)
 Metaspace       used 103310K, capacity 111519K, committed 112256K, reserved 1146880K
  class space    used 13420K, capacity 15161K, committed 15488K, reserved 1048576K
}
Event: 144.954 GC heap before
{Heap before GC invocations=107 (full 10):
 PSYoungGen      total 95744K, used 95719K [0x00000000f5580000, 0x0000000100000000, 0x0000000100000000)
  eden space 58880K, 100% used [0x00000000f5580000,0x00000000f8f00000,0x00000000f8f00000)
  from space 36864K, 99% used [0x00000000fdc00000,0x00000000ffff9fa8,0x0000000100000000)
  to   space 57856K, 0% used [0x00000000f8f00000,0x00000000f8f00000,0x00000000fc780000)
 ParOldGen       total 349696K, used 249515K [0x00000000e0000000, 0x00000000f5580000, 0x00000000f5580000)
  object space 349696K, 71% used [0x00000000e0000000,0x00000000ef3aad00,0x00000000f5580000)
 Metaspace       used 103317K, capacity 111519K, committed 112256K, reserved 1146880K
  class space    used 13420K, capacity 15161K, committed 15488K, reserved 1048576K
Event: 145.006 GC heap after
Heap after GC invocations=107 (full 10):
 PSYoungGen      total 116736K, used 57842K [0x00000000f5580000, 0x0000000100000000, 0x0000000100000000)
  eden space 58880K, 0% used [0x00000000f5580000,0x00000000f5580000,0x00000000f8f00000)
  from space 57856K, 99% used [0x00000000f8f00000,0x00000000fc77c8f0,0x00000000fc780000)
  to   space 57856K, 0% used [0x00000000fc780000,0x00000000fc780000,0x0000000100000000)
 ParOldGen       total 349696K, used 261520K [0x00000000e0000000, 0x00000000f5580000, 0x00000000f5580000)
  object space 349696K, 74% used [0x00000000e0000000,0x00000000eff64050,0x00000000f5580000)
 Metaspace       used 103317K, capacity 111519K, committed 112256K, reserved 1146880K
  class space    used 13420K, capacity 15161K, committed 15488K, reserved 1048576K
}

