# JRE version: Java(TM) SE Runtime Environment (8.0_211-b12) (build 1.8.0_211-b12)
# Java VM: Java HotSpot(TM) 64-Bit Server VM (25.211-b12 mixed mode windows-amd64 compressed oops)
Heap:
 PSYoungGen      total 127488K, used 58190K [0x00000000f5580000, 0x00000000ff900000, 0x0000000100000000)
  eden space 104448K, 55% used [0x00000000f5580000,0x00000000f8e538a0,0x00000000fbb80000)
  from space 23040K, 0% used [0x00000000fd200000,0x00000000fd200000,0x00000000fe880000)
  to   space 23040K, 0% used [0x00000000fbb80000,0x00000000fbb80000,0x00000000fd200000)
 ParOldGen       total 175104K, used 36492K [0x00000000e0000000, 0x00000000eab00000, 0x00000000f5580000)
  object space 175104K, 20% used [0x00000000e0000000,0x00000000e23a32c0,0x00000000eab00000)
 Metaspace       used 59004K, capacity 61627K, committed 61952K, reserved 1101824K
  class space    used 8196K, capacity 8875K, committed 8960K, reserved 1048576K
GC Heap History (10 events):
Event: 28.901 GC heap before
{Heap before GC invocations=11 (full 2):
 PSYoungGen      total 74752K, used 73002K [0x00000000f5580000, 0x00000000fae80000, 0x0000000100000000)
  eden space 60416K, 100% used [0x00000000f5580000,0x00000000f9080000,0x00000000f9080000)
  from space 14336K, 87% used [0x00000000f9f80000,0x00000000fabcabf8,0x00000000fad80000)
  to   space 15360K, 0% used [0x00000000f9080000,0x00000000f9080000,0x00000000f9f80000)
 ParOldGen       total 175104K, used 18761K [0x00000000e0000000, 0x00000000eab00000, 0x00000000f5580000)
  object space 175104K, 10% used [0x00000000e0000000,0x00000000e12524a0,0x00000000eab00000)
 Metaspace       used 47779K, capacity 49473K, committed 49536K, reserved 1091584K
  class space    used 6599K, capacity 7031K, committed 7040K, reserved 1048576K
Event: 28.920 GC heap after
Heap after GC invocations=11 (full 2):
 PSYoungGen      total 75776K, used 14251K [0x00000000f5580000, 0x00000000fc480000, 0x0000000100000000)
  eden space 60416K, 0% used [0x00000000f5580000,0x00000000f5580000,0x00000000f9080000)
  from space 15360K, 92% used [0x00000000f9080000,0x00000000f9e6aee0,0x00000000f9f80000)
  to   space 16384K, 0% used [0x00000000fb480000,0x00000000fb480000,0x00000000fc480000)
 ParOldGen       total 175104K, used 18769K [0x00000000e0000000, 0x00000000eab00000, 0x00000000f5580000)
  object space 175104K, 10% used [0x00000000e0000000,0x00000000e12544a0,0x00000000eab00000)
 Metaspace       used 47779K, capacity 49473K, committed 49536K, reserved 1091584K
  class space    used 6599K, capacity 7031K, committed 7040K, reserved 1048576K
}
Event: 35.806 GC heap before
{Heap before GC invocations=12 (full 2):
 PSYoungGen      total 75776K, used 74667K [0x00000000f5580000, 0x00000000fc480000, 0x0000000100000000)
  eden space 60416K, 100% used [0x00000000f5580000,0x00000000f9080000,0x00000000f9080000)
  from space 15360K, 92% used [0x00000000f9080000,0x00000000f9e6aee0,0x00000000f9f80000)
  to   space 16384K, 0% used [0x00000000fb480000,0x00000000fb480000,0x00000000fc480000)
 ParOldGen       total 175104K, used 18769K [0x00000000e0000000, 0x00000000eab00000, 0x00000000f5580000)
  object space 175104K, 10% used [0x00000000e0000000,0x00000000e12544a0,0x00000000eab00000)
 Metaspace       used 52408K, capacity 54395K, committed 54656K, reserved 1095680K
  class space    used 7259K, capacity 7785K, committed 7808K, reserved 1048576K
Event: 35.836 GC heap after
Heap after GC invocations=12 (full 2):
 PSYoungGen      total 94720K, used 16360K [0x00000000f5580000, 0x00000000fc880000, 0x0000000100000000)
  eden space 78336K, 0% used [0x00000000f5580000,0x00000000f5580000,0x00000000fa200000)
  from space 16384K, 99% used [0x00000000fb480000,0x00000000fc47a1f0,0x00000000fc480000)
  to   space 18944K, 0% used [0x00000000fa200000,0x00000000fa200000,0x00000000fb480000)
 ParOldGen       total 175104K, used 20759K [0x00000000e0000000, 0x00000000eab00000, 0x00000000f5580000)
  object space 175104K, 11% used [0x00000000e0000000,0x00000000e1445ed8,0x00000000eab00000)
 Metaspace       used 52408K, capacity 54395K, committed 54656K, reserved 1095680K
  class space    used 7259K, capacity 7785K, committed 7808K, reserved 1048576K
}
Event: 42.001 GC heap before
{Heap before GC invocations=13 (full 2):
 PSYoungGen      total 94720K, used 94696K [0x00000000f5580000, 0x00000000fc880000, 0x0000000100000000)
  eden space 78336K, 100% used [0x00000000f5580000,0x00000000fa200000,0x00000000fa200000)
  from space 16384K, 99% used [0x00000000fb480000,0x00000000fc47a1f0,0x00000000fc480000)
  to   space 18944K, 0% used [0x00000000fa200000,0x00000000fa200000,0x00000000fb480000)
 ParOldGen       total 175104K, used 20759K [0x00000000e0000000, 0x00000000eab00000, 0x00000000f5580000)
  object space 175104K, 11% used [0x00000000e0000000,0x00000000e1445ed8,0x00000000eab00000)
 Metaspace       used 56661K, capacity 58999K, committed 59160K, reserved 1099776K
  class space    used 7917K, capacity 8495K, committed 8576K, reserved 1048576K
Event: 42.053 GC heap after
Heap after GC invocations=13 (full 2):
 PSYoungGen      total 97280K, used 18921K [0x00000000f5580000, 0x00000000fe880000, 0x0000000100000000)
  eden space 78336K, 0% used [0x00000000f5580000,0x00000000f5580000,0x00000000fa200000)
  from space 18944K, 99% used [0x00000000fa200000,0x00000000fb47a530,0x00000000fb480000)
  to   space 23040K, 0% used [0x00000000fd200000,0x00000000fd200000,0x00000000fe880000)
 ParOldGen       total 175104K, used 25667K [0x00000000e0000000, 0x00000000eab00000, 0x00000000f5580000)
  object space 175104K, 14% used [0x00000000e0000000,0x00000000e1910f20,0x00000000eab00000)
 Metaspace       used 56661K, capacity 58999K, committed 59160K, reserved 1099776K
  class space    used 7917K, capacity 8495K, committed 8576K, reserved 1048576K
}
Event: 42.151 GC heap before
{Heap before GC invocations=14 (full 2):
 PSYoungGen      total 97280K, used 21954K [0x00000000f5580000, 0x00000000fe880000, 0x0000000100000000)
  eden space 78336K, 3% used [0x00000000f5580000,0x00000000f58765c8,0x00000000fa200000)
  from space 18944K, 99% used [0x00000000fa200000,0x00000000fb47a530,0x00000000fb480000)
  to   space 23040K, 0% used [0x00000000fd200000,0x00000000fd200000,0x00000000fe880000)
 ParOldGen       total 175104K, used 25667K [0x00000000e0000000, 0x00000000eab00000, 0x00000000f5580000)
  object space 175104K, 14% used [0x00000000e0000000,0x00000000e1910f20,0x00000000eab00000)
 Metaspace       used 56780K, capacity 59081K, committed 59160K, reserved 1099776K
  class space    used 7929K, capacity 8498K, committed 8576K, reserved 1048576K
Event: 42.175 GC heap after
Heap after GC invocations=14 (full 2):
 PSYoungGen      total 127488K, used 15369K [0x00000000f5580000, 0x00000000ff900000, 0x0000000100000000)
  eden space 104448K, 0% used [0x00000000f5580000,0x00000000f5580000,0x00000000fbb80000)
  from space 23040K, 66% used [0x00000000fd200000,0x00000000fe102520,0x00000000fe880000)
  to   space 23040K, 0% used [0x00000000fbb80000,0x00000000fbb80000,0x00000000fd200000)
 ParOldGen       total 175104K, used 29421K [0x00000000e0000000, 0x00000000eab00000, 0x00000000f5580000)
  object space 175104K, 16% used [0x00000000e0000000,0x00000000e1cbb7c8,0x00000000eab00000)
 Metaspace       used 56780K, capacity 59081K, committed 59160K, reserved 1099776K
  class space    used 7929K, capacity 8498K, committed 8576K, reserved 1048576K
}
Event: 42.175 GC heap before
{Heap before GC invocations=15 (full 3):
 PSYoungGen      total 127488K, used 15369K [0x00000000f5580000, 0x00000000ff900000, 0x0000000100000000)
  eden space 104448K, 0% used [0x00000000f5580000,0x00000000f5580000,0x00000000fbb80000)
  from space 23040K, 66% used [0x00000000fd200000,0x00000000fe102520,0x00000000fe880000)
  to   space 23040K, 0% used [0x00000000fbb80000,0x00000000fbb80000,0x00000000fd200000)
 ParOldGen       total 175104K, used 29421K [0x00000000e0000000, 0x00000000eab00000, 0x00000000f5580000)
  object space 175104K, 16% used [0x00000000e0000000,0x00000000e1cbb7c8,0x00000000eab00000)
 Metaspace       used 56780K, capacity 59081K, committed 59160K, reserved 1099776K
  class space    used 7929K, capacity 8498K, committed 8576K, reserved 1048576K
Event: 42.439 GC heap after
Heap after GC invocations=15 (full 3):
 PSYoungGen      total 127488K, used 0K [0x00000000f5580000, 0x00000000ff900000, 0x0000000100000000)
  eden space 104448K, 0% used [0x00000000f5580000,0x00000000f5580000,0x00000000fbb80000)
  from space 23040K, 0% used [0x00000000fd200000,0x00000000fd200000,0x00000000fe880000)
  to   space 23040K, 0% used [0x00000000fbb80000,0x00000000fbb80000,0x00000000fd200000)
 ParOldGen       total 175104K, used 36492K [0x00000000e0000000, 0x00000000eab00000, 0x00000000f5580000)
  object space 175104K, 20% used [0x00000000e0000000,0x00000000e23a32c0,0x00000000eab00000)
 Metaspace       used 56756K, capacity 59003K, committed 59160K, reserved 1099776K
  class space    used 7921K, capacity 8485K, committed 8576K, reserved 1048576K
}

