# JRE version: Java(TM) SE Runtime Environment (8.0_211-b12) (build 1.8.0_211-b12)
# Java VM: Java HotSpot(TM) 64-Bit Server VM (25.211-b12 mixed mode windows-amd64 compressed oops)
Heap:
 PSYoungGen      total 142848K, used 105503K [0x00000000f5580000, 0x0000000100000000, 0x0000000100000000)
  eden space 114688K, 80% used [0x00000000f5580000,0x00000000faf1e218,0x00000000fc580000)
  from space 28160K, 48% used [0x00000000fc580000,0x00000000fd2e9b48,0x00000000fe100000)
  to   space 27136K, 0% used [0x00000000fe580000,0x00000000fe580000,0x0000000100000000)
 ParOldGen       total 175104K, used 160285K [0x00000000e0000000, 0x00000000eab00000, 0x00000000f5580000)
  object space 175104K, 91% used [0x00000000e0000000,0x00000000e9c87520,0x00000000eab00000)
 Metaspace       used 84923K, capacity 90785K, committed 91136K, reserved 1128448K
  class space    used 11346K, capacity 12680K, committed 12800K, reserved 1048576K
GC Heap History (10 events):
Event: 99.363 GC heap before
{Heap before GC invocations=34 (full 3):
 PSYoungGen      total 133120K, used 113661K [0x00000000f5580000, 0x00000000ffa80000, 0x0000000100000000)
  eden space 102400K, 100% used [0x00000000f5580000,0x00000000fb980000,0x00000000fb980000)
  from space 30720K, 36% used [0x00000000fdc80000,0x00000000fe77f5e0,0x00000000ffa80000)
  to   space 33280K, 0% used [0x00000000fb980000,0x00000000fb980000,0x00000000fda00000)
 ParOldGen       total 175104K, used 147738K [0x00000000e0000000, 0x00000000eab00000, 0x00000000f5580000)
  object space 175104K, 84% used [0x00000000e0000000,0x00000000e9046a90,0x00000000eab00000)
 Metaspace       used 83870K, capacity 89487K, committed 89728K, reserved 1126400K
  class space    used 11275K, capacity 12577K, committed 12672K, reserved 1048576K
Event: 99.382 GC heap after
Heap after GC invocations=34 (full 3):
 PSYoungGen      total 135680K, used 9852K [0x00000000f5580000, 0x00000000fff80000, 0x0000000100000000)
  eden space 102400K, 0% used [0x00000000f5580000,0x00000000f5580000,0x00000000fb980000)
  from space 33280K, 29% used [0x00000000fb980000,0x00000000fc31f2c0,0x00000000fda00000)
  to   space 31744K, 0% used [0x00000000fe080000,0x00000000fe080000,0x00000000fff80000)
 ParOldGen       total 175104K, used 153960K [0x00000000e0000000, 0x00000000eab00000, 0x00000000f5580000)
  object space 175104K, 87% used [0x00000000e0000000,0x00000000e965a148,0x00000000eab00000)
 Metaspace       used 83870K, capacity 89487K, committed 89728K, reserved 1126400K
  class space    used 11275K, capacity 12577K, committed 12672K, reserved 1048576K
}
Event: 100.791 GC heap before
{Heap before GC invocations=35 (full 3):
 PSYoungGen      total 135680K, used 112252K [0x00000000f5580000, 0x00000000fff80000, 0x0000000100000000)
  eden space 102400K, 100% used [0x00000000f5580000,0x00000000fb980000,0x00000000fb980000)
  from space 33280K, 29% used [0x00000000fb980000,0x00000000fc31f2c0,0x00000000fda00000)
  to   space 31744K, 0% used [0x00000000fe080000,0x00000000fe080000,0x00000000fff80000)
 ParOldGen       total 175104K, used 153960K [0x00000000e0000000, 0x00000000eab00000, 0x00000000f5580000)
  object space 175104K, 87% used [0x00000000e0000000,0x00000000e965a148,0x00000000eab00000)
 Metaspace       used 83947K, capacity 89505K, committed 89728K, reserved 1126400K
  class space    used 11277K, capacity 12580K, committed 12672K, reserved 1048576K
Event: 100.824 GC heap after
Heap after GC invocations=35 (full 3):
 PSYoungGen      total 137216K, used 12392K [0x00000000f5580000, 0x00000000ffb80000, 0x0000000100000000)
  eden space 109568K, 0% used [0x00000000f5580000,0x00000000f5580000,0x00000000fc080000)
  from space 27648K, 44% used [0x00000000fe080000,0x00000000fec9a240,0x00000000ffb80000)
  to   space 30208K, 0% used [0x00000000fc080000,0x00000000fc080000,0x00000000fde00000)
 ParOldGen       total 175104K, used 156316K [0x00000000e0000000, 0x00000000eab00000, 0x00000000f5580000)
  object space 175104K, 89% used [0x00000000e0000000,0x00000000e98a72f8,0x00000000eab00000)
 Metaspace       used 83947K, capacity 89505K, committed 89728K, reserved 1126400K
  class space    used 11277K, capacity 12580K, committed 12672K, reserved 1048576K
}
Event: 102.334 GC heap before
{Heap before GC invocations=36 (full 3):
 PSYoungGen      total 137216K, used 121960K [0x00000000f5580000, 0x00000000ffb80000, 0x0000000100000000)
  eden space 109568K, 100% used [0x00000000f5580000,0x00000000fc080000,0x00000000fc080000)
  from space 27648K, 44% used [0x00000000fe080000,0x00000000fec9a240,0x00000000ffb80000)
  to   space 30208K, 0% used [0x00000000fc080000,0x00000000fc080000,0x00000000fde00000)
 ParOldGen       total 175104K, used 156316K [0x00000000e0000000, 0x00000000eab00000, 0x00000000f5580000)
  object space 175104K, 89% used [0x00000000e0000000,0x00000000e98a72f8,0x00000000eab00000)
 Metaspace       used 84086K, capacity 89775K, committed 89984K, reserved 1126400K
  class space    used 11285K, capacity 12593K, committed 12672K, reserved 1048576K
Event: 102.355 GC heap after
Heap after GC invocations=36 (full 3):
 PSYoungGen      total 139776K, used 6864K [0x00000000f5580000, 0x0000000100000000, 0x0000000100000000)
  eden space 109568K, 0% used [0x00000000f5580000,0x00000000f5580000,0x00000000fc080000)
  from space 30208K, 22% used [0x00000000fc080000,0x00000000fc734368,0x00000000fde00000)
  to   space 29696K, 0% used [0x00000000fe300000,0x00000000fe300000,0x0000000100000000)
 ParOldGen       total 175104K, used 157068K [0x00000000e0000000, 0x00000000eab00000, 0x00000000f5580000)
  object space 175104K, 89% used [0x00000000e0000000,0x00000000e9963308,0x00000000eab00000)
 Metaspace       used 84086K, capacity 89775K, committed 89984K, reserved 1126400K
  class space    used 11285K, capacity 12593K, committed 12672K, reserved 1048576K
}
Event: 104.405 GC heap before
{Heap before GC invocations=37 (full 3):
 PSYoungGen      total 139776K, used 116432K [0x00000000f5580000, 0x0000000100000000, 0x0000000100000000)
  eden space 109568K, 100% used [0x00000000f5580000,0x00000000fc080000,0x00000000fc080000)
  from space 30208K, 22% used [0x00000000fc080000,0x00000000fc734368,0x00000000fde00000)
  to   space 29696K, 0% used [0x00000000fe300000,0x00000000fe300000,0x0000000100000000)
 ParOldGen       total 175104K, used 157068K [0x00000000e0000000, 0x00000000eab00000, 0x00000000f5580000)
  object space 175104K, 89% used [0x00000000e0000000,0x00000000e9963308,0x00000000eab00000)
 Metaspace       used 84352K, capacity 90147K, committed 90240K, reserved 1126400K
  class space    used 11315K, capacity 12623K, committed 12672K, reserved 1048576K
Event: 104.433 GC heap after
Heap after GC invocations=37 (full 3):
 PSYoungGen      total 140800K, used 12611K [0x00000000f5580000, 0x00000000ffc80000, 0x0000000100000000)
  eden space 114688K, 0% used [0x00000000f5580000,0x00000000f5580000,0x00000000fc580000)
  from space 26112K, 48% used [0x00000000fe300000,0x00000000fef50e30,0x00000000ffc80000)
  to   space 28160K, 0% used [0x00000000fc580000,0x00000000fc580000,0x00000000fe100000)
 ParOldGen       total 175104K, used 158004K [0x00000000e0000000, 0x00000000eab00000, 0x00000000f5580000)
  object space 175104K, 90% used [0x00000000e0000000,0x00000000e9a4d318,0x00000000eab00000)
 Metaspace       used 84352K, capacity 90147K, committed 90240K, reserved 1126400K
  class space    used 11315K, capacity 12623K, committed 12672K, reserved 1048576K
}
Event: 108.318 GC heap before
{Heap before GC invocations=38 (full 3):
 PSYoungGen      total 140800K, used 127299K [0x00000000f5580000, 0x00000000ffc80000, 0x0000000100000000)
  eden space 114688K, 100% used [0x00000000f5580000,0x00000000fc580000,0x00000000fc580000)
  from space 26112K, 48% used [0x00000000fe300000,0x00000000fef50e30,0x00000000ffc80000)
  to   space 28160K, 0% used [0x00000000fc580000,0x00000000fc580000,0x00000000fe100000)
 ParOldGen       total 175104K, used 158004K [0x00000000e0000000, 0x00000000eab00000, 0x00000000f5580000)
  object space 175104K, 90% used [0x00000000e0000000,0x00000000e9a4d318,0x00000000eab00000)
 Metaspace       used 84525K, capacity 90361K, committed 90496K, reserved 1126400K
  class space    used 11331K, capacity 12648K, committed 12672K, reserved 1048576K
Event: 108.335 GC heap after
Heap after GC invocations=38 (full 3):
 PSYoungGen      total 142848K, used 13734K [0x00000000f5580000, 0x0000000100000000, 0x0000000100000000)
  eden space 114688K, 0% used [0x00000000f5580000,0x00000000f5580000,0x00000000fc580000)
  from space 28160K, 48% used [0x00000000fc580000,0x00000000fd2e9b48,0x00000000fe100000)
  to   space 27136K, 0% used [0x00000000fe580000,0x00000000fe580000,0x0000000100000000)
 ParOldGen       total 175104K, used 160285K [0x00000000e0000000, 0x00000000eab00000, 0x00000000f5580000)
  object space 175104K, 91% used [0x00000000e0000000,0x00000000e9c87520,0x00000000eab00000)
 Metaspace       used 84525K, capacity 90361K, committed 90496K, reserved 1126400K
  class space    used 11331K, capacity 12648K, committed 12672K, reserved 1048576K
}

