# JRE version: Java(TM) SE Runtime Environment (8.0_211-b12) (build 1.8.0_211-b12)
# Java VM: Java HotSpot(TM) 64-Bit Server VM (25.211-b12 mixed mode windows-amd64 compressed oops)
Heap:
 PSYoungGen      total 133632K, used 31850K [0x00000000f5580000, 0x00000000ffe00000, 0x0000000100000000)
  eden space 96768K, 30% used [0x00000000f5580000,0x00000000f71e5b58,0x00000000fb400000)
  from space 36864K, 7% used [0x00000000fda00000,0x00000000fdcb4e00,0x00000000ffe00000)
  to   space 37888K, 0% used [0x00000000fb400000,0x00000000fb400000,0x00000000fd900000)
 ParOldGen       total 349696K, used 179142K [0x00000000e0000000, 0x00000000f5580000, 0x00000000f5580000)
  object space 349696K, 51% used [0x00000000e0000000,0x00000000eaef1b08,0x00000000f5580000)
 Metaspace       used 93624K, capacity 100793K, committed 101504K, reserved 1136640K
  class space    used 12514K, capacity 14152K, committed 14464K, reserved 1048576K
GC Heap History (10 events):
Event: 76.282 GC heap before
{Heap before GC invocations=48 (full 6):
 PSYoungGen      total 133632K, used 4859K [0x00000000f5580000, 0x0000000100000000, 0x0000000100000000)
  eden space 92672K, 0% used [0x00000000f5580000,0x00000000f5580000,0x00000000fb000000)
  from space 40960K, 11% used [0x00000000fd800000,0x00000000fdcbecd0,0x0000000100000000)
  to   space 40960K, 0% used [0x00000000fb000000,0x00000000fb000000,0x00000000fd800000)
 ParOldGen       total 280064K, used 269308K [0x00000000e0000000, 0x00000000f1180000, 0x00000000f5580000)
  object space 280064K, 96% used [0x00000000e0000000,0x00000000f06ff250,0x00000000f1180000)
 Metaspace       used 93438K, capacity 100895K, committed 101120K, reserved 1136640K
  class space    used 12584K, capacity 14305K, committed 14336K, reserved 1048576K
Event: 77.432 GC heap after
Heap after GC invocations=48 (full 6):
 PSYoungGen      total 133632K, used 0K [0x00000000f5580000, 0x0000000100000000, 0x0000000100000000)
  eden space 92672K, 0% used [0x00000000f5580000,0x00000000f5580000,0x00000000fb000000)
  from space 40960K, 0% used [0x00000000fd800000,0x00000000fd800000,0x0000000100000000)
  to   space 40960K, 0% used [0x00000000fb000000,0x00000000fb000000,0x00000000fd800000)
 ParOldGen       total 349696K, used 167190K [0x00000000e0000000, 0x00000000f5580000, 0x00000000f5580000)
  object space 349696K, 47% used [0x00000000e0000000,0x00000000ea345bd0,0x00000000f5580000)
 Metaspace       used 93118K, capacity 100209K, committed 101120K, reserved 1136640K
  class space    used 12466K, capacity 14104K, committed 14336K, reserved 1048576K
}
Event: 78.213 GC heap before
{Heap before GC invocations=49 (full 6):
 PSYoungGen      total 133632K, used 92672K [0x00000000f5580000, 0x0000000100000000, 0x0000000100000000)
  eden space 92672K, 100% used [0x00000000f5580000,0x00000000fb000000,0x00000000fb000000)
  from space 40960K, 0% used [0x00000000fd800000,0x00000000fd800000,0x0000000100000000)
  to   space 40960K, 0% used [0x00000000fb000000,0x00000000fb000000,0x00000000fd800000)
 ParOldGen       total 349696K, used 167190K [0x00000000e0000000, 0x00000000f5580000, 0x00000000f5580000)
  object space 349696K, 47% used [0x00000000e0000000,0x00000000ea345bd0,0x00000000f5580000)
 Metaspace       used 93295K, capacity 100445K, committed 101120K, reserved 1136640K
  class space    used 12497K, capacity 14112K, committed 14336K, reserved 1048576K
Event: 78.318 GC heap after
Heap after GC invocations=49 (full 6):
 PSYoungGen      total 133632K, used 2048K [0x00000000f5580000, 0x0000000100000000, 0x0000000100000000)
  eden space 92672K, 0% used [0x00000000f5580000,0x00000000f5580000,0x00000000fb000000)
  from space 40960K, 5% used [0x00000000fb000000,0x00000000fb200000,0x00000000fd800000)
  to   space 40960K, 0% used [0x00000000fd800000,0x00000000fd800000,0x0000000100000000)
 ParOldGen       total 349696K, used 167190K [0x00000000e0000000, 0x00000000f5580000, 0x00000000f5580000)
  object space 349696K, 47% used [0x00000000e0000000,0x00000000ea345bd0,0x00000000f5580000)
 Metaspace       used 93295K, capacity 100445K, committed 101120K, reserved 1136640K
  class space    used 12497K, capacity 14112K, committed 14336K, reserved 1048576K
}
Event: 78.671 GC heap before
{Heap before GC invocations=50 (full 6):
 PSYoungGen      total 133632K, used 94720K [0x00000000f5580000, 0x0000000100000000, 0x0000000100000000)
  eden space 92672K, 100% used [0x00000000f5580000,0x00000000fb000000,0x00000000fb000000)
  from space 40960K, 5% used [0x00000000fb000000,0x00000000fb200000,0x00000000fd800000)
  to   space 40960K, 0% used [0x00000000fd800000,0x00000000fd800000,0x0000000100000000)
 ParOldGen       total 349696K, used 167190K [0x00000000e0000000, 0x00000000f5580000, 0x00000000f5580000)
  object space 349696K, 47% used [0x00000000e0000000,0x00000000ea345bd0,0x00000000f5580000)
 Metaspace       used 93341K, capacity 100531K, committed 101376K, reserved 1136640K
  class space    used 12498K, capacity 14115K, committed 14336K, reserved 1048576K
Event: 78.746 GC heap after
Heap after GC invocations=50 (full 6):
 PSYoungGen      total 130560K, used 7351K [0x00000000f5580000, 0x00000000ffd00000, 0x0000000100000000)
  eden space 92672K, 0% used [0x00000000f5580000,0x00000000f5580000,0x00000000fb000000)
  from space 37888K, 19% used [0x00000000fd800000,0x00000000fdf2dd88,0x00000000ffd00000)
  to   space 39424K, 0% used [0x00000000fb000000,0x00000000fb000000,0x00000000fd680000)
 ParOldGen       total 349696K, used 168294K [0x00000000e0000000, 0x00000000f5580000, 0x00000000f5580000)
  object space 349696K, 48% used [0x00000000e0000000,0x00000000ea4598b0,0x00000000f5580000)
 Metaspace       used 93341K, capacity 100531K, committed 101376K, reserved 1136640K
  class space    used 12498K, capacity 14115K, committed 14336K, reserved 1048576K
}
Event: 79.163 GC heap before
{Heap before GC invocations=51 (full 6):
 PSYoungGen      total 130560K, used 100023K [0x00000000f5580000, 0x00000000ffd00000, 0x0000000100000000)
  eden space 92672K, 100% used [0x00000000f5580000,0x00000000fb000000,0x00000000fb000000)
  from space 37888K, 19% used [0x00000000fd800000,0x00000000fdf2dd88,0x00000000ffd00000)
  to   space 39424K, 0% used [0x00000000fb000000,0x00000000fb000000,0x00000000fd680000)
 ParOldGen       total 349696K, used 168294K [0x00000000e0000000, 0x00000000f5580000, 0x00000000f5580000)
  object space 349696K, 48% used [0x00000000e0000000,0x00000000ea4598b0,0x00000000f5580000)
 Metaspace       used 93474K, capacity 100623K, committed 101376K, reserved 1136640K
  class space    used 12505K, capacity 14119K, committed 14336K, reserved 1048576K
Event: 79.205 GC heap after
Heap after GC invocations=51 (full 6):
 PSYoungGen      total 132096K, used 5886K [0x00000000f5580000, 0x00000000fff80000, 0x0000000100000000)
  eden space 92672K, 0% used [0x00000000f5580000,0x00000000f5580000,0x00000000fb000000)
  from space 39424K, 14% used [0x00000000fb000000,0x00000000fb5bf848,0x00000000fd680000)
  to   space 38400K, 0% used [0x00000000fda00000,0x00000000fda00000,0x00000000fff80000)
 ParOldGen       total 349696K, used 174515K [0x00000000e0000000, 0x00000000f5580000, 0x00000000f5580000)
  object space 349696K, 49% used [0x00000000e0000000,0x00000000eaa6ccb8,0x00000000f5580000)
 Metaspace       used 93474K, capacity 100623K, committed 101376K, reserved 1136640K
  class space    used 12505K, capacity 14119K, committed 14336K, reserved 1048576K
}
Event: 79.506 GC heap before
{Heap before GC invocations=52 (full 6):
 PSYoungGen      total 132096K, used 98558K [0x00000000f5580000, 0x00000000fff80000, 0x0000000100000000)
  eden space 92672K, 100% used [0x00000000f5580000,0x00000000fb000000,0x00000000fb000000)
  from space 39424K, 14% used [0x00000000fb000000,0x00000000fb5bf848,0x00000000fd680000)
  to   space 38400K, 0% used [0x00000000fda00000,0x00000000fda00000,0x00000000fff80000)
 ParOldGen       total 349696K, used 174515K [0x00000000e0000000, 0x00000000f5580000, 0x00000000f5580000)
  object space 349696K, 49% used [0x00000000e0000000,0x00000000eaa6ccb8,0x00000000f5580000)
 Metaspace       used 93529K, capacity 100697K, committed 101376K, reserved 1136640K
  class space    used 12507K, capacity 14120K, committed 14336K, reserved 1048576K
Event: 79.546 GC heap after
Heap after GC invocations=52 (full 6):
 PSYoungGen      total 133632K, used 2771K [0x00000000f5580000, 0x00000000ffe00000, 0x0000000100000000)
  eden space 96768K, 0% used [0x00000000f5580000,0x00000000f5580000,0x00000000fb400000)
  from space 36864K, 7% used [0x00000000fda00000,0x00000000fdcb4e00,0x00000000ffe00000)
  to   space 37888K, 0% used [0x00000000fb400000,0x00000000fb400000,0x00000000fd900000)
 ParOldGen       total 349696K, used 179142K [0x00000000e0000000, 0x00000000f5580000, 0x00000000f5580000)
  object space 349696K, 51% used [0x00000000e0000000,0x00000000eaef1b08,0x00000000f5580000)
 Metaspace       used 93529K, capacity 100697K, committed 101376K, reserved 1136640K
  class space    used 12507K, capacity 14120K, committed 14336K, reserved 1048576K
}

