# JRE version: Java(TM) SE Runtime Environment (8.0_211-b12) (build 1.8.0_211-b12)
# Java VM: Java HotSpot(TM) 64-Bit Server VM (25.211-b12 mixed mode windows-amd64 compressed oops)
Heap:
 PSYoungGen      total 136704K, used 58150K [0x00000000f5580000, 0x00000000ffc80000, 0x0000000100000000)
  eden space 104448K, 53% used [0x00000000f5580000,0x00000000f8bd4af8,0x00000000fbb80000)
  from space 32256K, 7% used [0x00000000fbb80000,0x00000000fbdf4f18,0x00000000fdb00000)
  to   space 30720K, 0% used [0x00000000fde80000,0x00000000fde80000,0x00000000ffc80000)
 ParOldGen       total 327680K, used 289421K [0x00000000e0000000, 0x00000000f4000000, 0x00000000f5580000)
  object space 327680K, 88% used [0x00000000e0000000,0x00000000f1aa3628,0x00000000f4000000)
 Metaspace       used 78103K, capacity 83827K, committed 83968K, reserved 1122304K
  class space    used 10532K, capacity 11945K, committed 12032K, reserved 1048576K
GC Heap History (10 events):
Event: 181.038 GC heap before
{Heap before GC invocations=39 (full 4):
 PSYoungGen      total 130048K, used 95926K [0x00000000f5580000, 0x00000000ffa00000, 0x0000000100000000)
  eden space 91136K, 100% used [0x00000000f5580000,0x00000000fae80000,0x00000000fae80000)
  from space 38912K, 12% used [0x00000000fd400000,0x00000000fd8adb78,0x00000000ffa00000)
  to   space 38400K, 0% used [0x00000000fae80000,0x00000000fae80000,0x00000000fd400000)
 ParOldGen       total 327680K, used 277846K [0x00000000e0000000, 0x00000000f4000000, 0x00000000f5580000)
  object space 327680K, 84% used [0x00000000e0000000,0x00000000f0f55850,0x00000000f4000000)
 Metaspace       used 77898K, capacity 83661K, committed 83968K, reserved 1122304K
  class space    used 10519K, capacity 11942K, committed 12032K, reserved 1048576K
Event: 181.047 GC heap after
Heap after GC invocations=39 (full 4):
 PSYoungGen      total 129536K, used 1838K [0x00000000f5580000, 0x00000000ffd80000, 0x0000000100000000)
  eden space 91136K, 0% used [0x00000000f5580000,0x00000000f5580000,0x00000000fae80000)
  from space 38400K, 4% used [0x00000000fae80000,0x00000000fb04ba78,0x00000000fd400000)
  to   space 37376K, 0% used [0x00000000fd900000,0x00000000fd900000,0x00000000ffd80000)
 ParOldGen       total 327680K, used 281437K [0x00000000e0000000, 0x00000000f4000000, 0x00000000f5580000)
  object space 327680K, 85% used [0x00000000e0000000,0x00000000f12d7498,0x00000000f4000000)
 Metaspace       used 77898K, capacity 83661K, committed 83968K, reserved 1122304K
  class space    used 10519K, capacity 11942K, committed 12032K, reserved 1048576K
}
Event: 181.718 GC heap before
{Heap before GC invocations=40 (full 4):
 PSYoungGen      total 129536K, used 92974K [0x00000000f5580000, 0x00000000ffd80000, 0x0000000100000000)
  eden space 91136K, 100% used [0x00000000f5580000,0x00000000fae80000,0x00000000fae80000)
  from space 38400K, 4% used [0x00000000fae80000,0x00000000fb04ba78,0x00000000fd400000)
  to   space 37376K, 0% used [0x00000000fd900000,0x00000000fd900000,0x00000000ffd80000)
 ParOldGen       total 327680K, used 281437K [0x00000000e0000000, 0x00000000f4000000, 0x00000000f5580000)
  object space 327680K, 85% used [0x00000000e0000000,0x00000000f12d7498,0x00000000f4000000)
 Metaspace       used 77962K, capacity 83677K, committed 83968K, reserved 1122304K
  class space    used 10519K, capacity 11942K, committed 12032K, reserved 1048576K
Event: 181.723 GC heap after
Heap after GC invocations=40 (full 4):
 PSYoungGen      total 134656K, used 2934K [0x00000000f5580000, 0x00000000ffc00000, 0x0000000100000000)
  eden space 98816K, 0% used [0x00000000f5580000,0x00000000f5580000,0x00000000fb600000)
  from space 35840K, 8% used [0x00000000fd900000,0x00000000fdbdd828,0x00000000ffc00000)
  to   space 35840K, 0% used [0x00000000fb600000,0x00000000fb600000,0x00000000fd900000)
 ParOldGen       total 327680K, used 283149K [0x00000000e0000000, 0x00000000f4000000, 0x00000000f5580000)
  object space 327680K, 86% used [0x00000000e0000000,0x00000000f1483538,0x00000000f4000000)
 Metaspace       used 77962K, capacity 83677K, committed 83968K, reserved 1122304K
  class space    used 10519K, capacity 11942K, committed 12032K, reserved 1048576K
}
Event: 182.532 GC heap before
{Heap before GC invocations=41 (full 4):
 PSYoungGen      total 134656K, used 101750K [0x00000000f5580000, 0x00000000ffc00000, 0x0000000100000000)
  eden space 98816K, 100% used [0x00000000f5580000,0x00000000fb600000,0x00000000fb600000)
  from space 35840K, 8% used [0x00000000fd900000,0x00000000fdbdd828,0x00000000ffc00000)
  to   space 35840K, 0% used [0x00000000fb600000,0x00000000fb600000,0x00000000fd900000)
 ParOldGen       total 327680K, used 283149K [0x00000000e0000000, 0x00000000f4000000, 0x00000000f5580000)
  object space 327680K, 86% used [0x00000000e0000000,0x00000000f1483538,0x00000000f4000000)
 Metaspace       used 77973K, capacity 83677K, committed 83968K, reserved 1122304K
  class space    used 10519K, capacity 11942K, committed 12032K, reserved 1048576K
Event: 182.538 GC heap after
Heap after GC invocations=41 (full 4):
 PSYoungGen      total 134656K, used 5427K [0x00000000f5580000, 0x00000000ffc00000, 0x0000000100000000)
  eden space 98816K, 0% used [0x00000000f5580000,0x00000000f5580000,0x00000000fb600000)
  from space 35840K, 15% used [0x00000000fb600000,0x00000000fbb4cf98,0x00000000fd900000)
  to   space 33792K, 0% used [0x00000000fdb00000,0x00000000fdb00000,0x00000000ffc00000)
 ParOldGen       total 327680K, used 285202K [0x00000000e0000000, 0x00000000f4000000, 0x00000000f5580000)
  object space 327680K, 87% used [0x00000000e0000000,0x00000000f1684930,0x00000000f4000000)
 Metaspace       used 77973K, capacity 83677K, committed 83968K, reserved 1122304K
  class space    used 10519K, capacity 11942K, committed 12032K, reserved 1048576K
}
Event: 183.069 GC heap before
{Heap before GC invocations=42 (full 4):
 PSYoungGen      total 134656K, used 104243K [0x00000000f5580000, 0x00000000ffc00000, 0x0000000100000000)
  eden space 98816K, 100% used [0x00000000f5580000,0x00000000fb600000,0x00000000fb600000)
  from space 35840K, 15% used [0x00000000fb600000,0x00000000fbb4cf98,0x00000000fd900000)
  to   space 33792K, 0% used [0x00000000fdb00000,0x00000000fdb00000,0x00000000ffc00000)
 ParOldGen       total 327680K, used 285202K [0x00000000e0000000, 0x00000000f4000000, 0x00000000f5580000)
  object space 327680K, 87% used [0x00000000e0000000,0x00000000f1684930,0x00000000f4000000)
 Metaspace       used 77979K, capacity 83677K, committed 83968K, reserved 1122304K
  class space    used 10519K, capacity 11942K, committed 12032K, reserved 1048576K
Event: 183.073 GC heap after
Heap after GC invocations=42 (full 4):
 PSYoungGen      total 137216K, used 2466K [0x00000000f5580000, 0x00000000ffb00000, 0x0000000100000000)
  eden space 104448K, 0% used [0x00000000f5580000,0x00000000f5580000,0x00000000fbb80000)
  from space 32768K, 7% used [0x00000000fdb00000,0x00000000fdd68810,0x00000000ffb00000)
  to   space 32256K, 0% used [0x00000000fbb80000,0x00000000fbb80000,0x00000000fdb00000)
 ParOldGen       total 327680K, used 287710K [0x00000000e0000000, 0x00000000f4000000, 0x00000000f5580000)
  object space 327680K, 87% used [0x00000000e0000000,0x00000000f18f7920,0x00000000f4000000)
 Metaspace       used 77979K, capacity 83677K, committed 83968K, reserved 1122304K
  class space    used 10519K, capacity 11942K, committed 12032K, reserved 1048576K
}
Event: 183.166 GC heap before
{Heap before GC invocations=43 (full 4):
 PSYoungGen      total 137216K, used 106914K [0x00000000f5580000, 0x00000000ffb00000, 0x0000000100000000)
  eden space 104448K, 100% used [0x00000000f5580000,0x00000000fbb80000,0x00000000fbb80000)
  from space 32768K, 7% used [0x00000000fdb00000,0x00000000fdd68810,0x00000000ffb00000)
  to   space 32256K, 0% used [0x00000000fbb80000,0x00000000fbb80000,0x00000000fdb00000)
 ParOldGen       total 327680K, used 287710K [0x00000000e0000000, 0x00000000f4000000, 0x00000000f5580000)
  object space 327680K, 87% used [0x00000000e0000000,0x00000000f18f7920,0x00000000f4000000)
 Metaspace       used 77994K, capacity 83747K, committed 83968K, reserved 1122304K
  class space    used 10520K, capacity 11943K, committed 12032K, reserved 1048576K
Event: 183.170 GC heap after
Heap after GC invocations=43 (full 4):
 PSYoungGen      total 136704K, used 2515K [0x00000000f5580000, 0x00000000ffc80000, 0x0000000100000000)
  eden space 104448K, 0% used [0x00000000f5580000,0x00000000f5580000,0x00000000fbb80000)
  from space 32256K, 7% used [0x00000000fbb80000,0x00000000fbdf4f18,0x00000000fdb00000)
  to   space 30720K, 0% used [0x00000000fde80000,0x00000000fde80000,0x00000000ffc80000)
 ParOldGen       total 327680K, used 289421K [0x00000000e0000000, 0x00000000f4000000, 0x00000000f5580000)
  object space 327680K, 88% used [0x00000000e0000000,0x00000000f1aa3628,0x00000000f4000000)
 Metaspace       used 77994K, capacity 83747K, committed 83968K, reserved 1122304K
  class space    used 10520K, capacity 11943K, committed 12032K, reserved 1048576K
}

